============================= test session starts =============================
platform win32 -- Python 3.10.11, pytest-9.0.2, pluggy-1.6.0 -- C:\Users\ADMIN 2025\Documents\AcademicAdvisor-Chatbot-V3\venv\Scripts\python.exe
cachedir: .pytest_cache
rootdir: C:\Users\ADMIN 2025\Documents\AcademicAdvisor-Chatbot-V3
plugins: anyio-4.12.0, langsmith-0.6.0
collecting ... collected 164 items

tests/academic/test_convocation_actions.py::TestActionCheckEligibilityChoice::test_action_name PASSED [  0%]
tests/academic/test_convocation_actions.py::TestActionCheckEligibilityChoice::test_run_returns_empty_events PASSED [  1%]
tests/academic/test_convocation_actions.py::TestActionValidateMuet::test_action_name PASSED [  1%]
tests/academic/test_convocation_actions.py::TestActionValidateMuet::test_valid_band_4 PASSED [  2%]
tests/academic/test_convocation_actions.py::TestActionValidateMuet::test_valid_band_string PASSED [  3%]
tests/academic/test_convocation_actions.py::TestActionValidateMuet::test_invalid_band_too_high PASSED [  3%]
tests/academic/test_convocation_actions.py::TestActionValidateMuet::test_invalid_band_too_low PASSED [  4%]
tests/academic/test_convocation_actions.py::TestActionValidateMuet::test_none_band_invalid PASSED [  4%]
tests/academic/test_convocation_actions.py::TestActionResetMuet::test_action_name PASSED [  5%]
tests/academic/test_convocation_actions.py::TestActionResetMuet::test_reset_clears_slots PASSED [  6%]
tests/academic/test_convocation_actions.py::TestActionAssessConvocationEligibility::test_action_name PASSED [  6%]
tests/academic/test_convocation_actions.py::TestActionAssessConvocationEligibility::test_eligible_muet_band_4 PASSED [  7%]
tests/academic/test_convocation_actions.py::TestActionAssessConvocationEligibility::test_not_eligible_muet_band_2 PASSED [  7%]
tests/academic/test_course_actions.py::TestActionGetCourseDetails::test_action_name PASSED [  8%]
tests/academic/test_course_actions.py::TestActionGetCourseDetails::test_valid_course_code_uppercase PASSED [  9%]
tests/academic/test_course_actions.py::TestActionGetCourseDetails::test_valid_course_code_lowercase PASSED [  9%]
tests/academic/test_course_actions.py::TestActionGetCourseDetails::test_invalid_course_code PASSED [ 10%]
tests/academic/test_course_actions.py::TestActionGetCourseDetails::test_empty_course_code PASSED [ 10%]
tests/academic/test_course_actions.py::TestActionGetCourseDetails::test_none_course_code PASSED [ 11%]
tests/academic/test_course_actions.py::TestActionGetCourseDetails::test_returns_all_required_slots PASSED [ 12%]
tests/academic/test_course_actions.py::TestActionValidateCourseCodeFormat::test_action_name PASSED [ 12%]
tests/academic/test_course_actions.py::TestActionValidateCourseCodeFormat::test_valid_format PASSED [ 13%]
tests/academic/test_course_actions.py::TestActionValidateCourseCodeFormat::test_invalid_format_too_short PASSED [ 14%]
tests/academic/test_course_actions.py::TestActionValidateCourseCodeFormat::test_none_course_code PASSED [ 14%]
tests/academic/test_course_actions.py::TestActionResetCourseCode::test_action_name PASSED [ 15%]
tests/academic/test_course_actions.py::TestActionResetCourseCode::test_reset_slots PASSED [ 15%]
tests/academic/test_drop_course_actions.py::TestActionCheckDropAssessmentChoice::test_action_name PASSED [ 16%]
tests/academic/test_drop_course_actions.py::TestActionCheckDropAssessmentChoice::test_run_returns_empty_events PASSED [ 17%]
tests/academic/test_drop_course_actions.py::TestActionValidateWeek::test_action_name PASSED [ 17%]
tests/academic/test_drop_course_actions.py::TestActionValidateWeek::test_valid_week_in_range PASSED [ 18%]
tests/academic/test_drop_course_actions.py::TestActionValidateWeek::test_invalid_week_too_high PASSED [ 18%]
tests/academic/test_drop_course_actions.py::TestActionValidateWeek::test_invalid_week_zero PASSED [ 19%]
tests/academic/test_drop_course_actions.py::TestActionValidateWeek::test_boundary_week_1 PASSED [ 20%]
tests/academic/test_drop_course_actions.py::TestActionValidateWeek::test_boundary_week_14 PASSED [ 20%]
tests/academic/test_drop_course_actions.py::TestActionResetWeek::test_action_name PASSED [ 21%]
tests/academic/test_drop_course_actions.py::TestActionResetWeek::test_reset_clears_slots PASSED [ 21%]
tests/academic/test_drop_course_actions.py::TestActionAssessDropConsequences::test_action_name PASSED [ 22%]
tests/academic/test_drop_course_actions.py::TestActionAssessDropConsequences::test_free_drop_week_2 PASSED [ 23%]
tests/academic/test_drop_course_actions.py::TestActionAssessDropConsequences::test_late_drop_week_5 PASSED [ 23%]
tests/academic/test_drop_course_actions.py::TestActionAssessDropConsequences::test_closed_drop_week_14 PASSED [ 24%]
tests/academic/test_graduation_actions.py::TestActionCheckGraduationAssessmentChoice::test_action_name PASSED [ 25%]
tests/academic/test_graduation_actions.py::TestActionCheckGraduationAssessmentChoice::test_run_returns_empty_events PASSED [ 25%]
tests/academic/test_graduation_actions.py::TestActionValidateCredits::test_action_name PASSED [ 26%]
tests/academic/test_graduation_actions.py::TestActionValidateCredits::test_valid_credits_integer PASSED [ 26%]
tests/academic/test_graduation_actions.py::TestActionValidateCredits::test_valid_credits_string PASSED [ 27%]
tests/academic/test_graduation_actions.py::TestActionValidateCredits::test_valid_credits_float_rounds PASSED [ 28%]
tests/academic/test_graduation_actions.py::TestActionValidateCredits::test_negative_credits_invalid PASSED [ 28%]
tests/academic/test_graduation_actions.py::TestActionValidateCredits::test_exceeds_max_invalid PASSED [ 29%]
tests/academic/test_graduation_actions.py::TestActionValidateCredits::test_none_credits_invalid PASSED [ 29%]
tests/academic/test_graduation_actions.py::TestActionValidateCredits::test_invalid_string_credits PASSED [ 30%]
tests/academic/test_graduation_actions.py::TestActionValidateCredits::test_zero_credits_valid PASSED [ 31%]
tests/academic/test_graduation_actions.py::TestActionResetCredits::test_action_name PASSED [ 31%]
tests/academic/test_graduation_actions.py::TestActionResetCredits::test_reset_clears_slots PASSED [ 32%]
tests/academic/test_graduation_actions.py::TestActionAssessGraduationStatus::test_action_name PASSED [ 32%]
tests/academic/test_graduation_actions.py::TestActionAssessGraduationStatus::test_eligible_status PASSED [ 33%]
tests/academic/test_graduation_actions.py::TestActionAssessGraduationStatus::test_close_status PASSED [ 34%]
tests/academic/test_graduation_actions.py::TestActionAssessGraduationStatus::test_in_progress_status PASSED [ 34%]
tests/academic/test_graduation_actions.py::TestActionAssessGraduationStatus::test_early_stage_status PASSED [ 35%]
tests/academic/test_graduation_actions.py::TestActionAssessGraduationStatus::test_diploma_student_eligible PASSED [ 35%]
tests/academic/test_graduation_actions.py::TestActionAssessGraduationStatus::test_calculates_remaining_credits PASSED [ 36%]
tests/academic/test_graduation_actions.py::TestActionResetGraduationSlots::test_action_name PASSED [ 37%]
tests/academic/test_graduation_actions.py::TestActionResetGraduationSlots::test_resets_all_graduation_slots PASSED [ 37%]
tests/academic/test_prerequisite_actions.py::TestActionCheckPrerequisites::test_action_name PASSED [ 38%]
tests/academic/test_prerequisite_actions.py::TestActionCheckPrerequisites::test_course_with_prerequisites PASSED [ 39%]
tests/academic/test_prerequisite_actions.py::TestActionCheckPrerequisites::test_course_without_prerequisites PASSED [ 39%]
tests/academic/test_prerequisite_actions.py::TestActionCheckPrerequisites::test_nonexistent_course PASSED [ 40%]
tests/academic/test_prerequisite_actions.py::TestActionCheckPrerequisites::test_null_course_code_slot PASSED [ 40%]
tests/admin/test_medium_priority_actions.py::TestActionCheckTransferChoice::test_action_name PASSED [ 41%]
tests/admin/test_medium_priority_actions.py::TestActionCheckTransferChoice::test_run_returns_empty_events PASSED [ 42%]
tests/admin/test_medium_priority_actions.py::TestActionAssessTransferEligibility::test_action_name PASSED [ 42%]
tests/admin/test_medium_priority_actions.py::TestActionAssessTransferEligibility::test_eligible_diploma_semester_1 PASSED [ 43%]
tests/admin/test_medium_priority_actions.py::TestActionAssessTransferEligibility::test_late_diploma_semester_3 PASSED [ 43%]
tests/admin/test_medium_priority_actions.py::TestActionAssessTransferEligibility::test_not_eligible_regular_student PASSED [ 44%]
tests/admin/test_medium_priority_actions.py::TestActionAssessTransferEligibility::test_transfer_student_eligible PASSED [ 45%]
tests/admin/test_medium_priority_actions.py::TestActionCheckChangeChoice::test_action_name PASSED [ 45%]
tests/admin/test_medium_priority_actions.py::TestActionCheckChangeChoice::test_run_returns_empty_events PASSED [ 46%]
tests/admin/test_medium_priority_actions.py::TestActionAssessChangeEligibility::test_action_name PASSED [ 46%]
tests/admin/test_medium_priority_actions.py::TestActionAssessChangeEligibility::test_eligible_good_cgpa_and_semesters PASSED [ 47%]
tests/admin/test_medium_priority_actions.py::TestActionAssessChangeEligibility::test_too_early_semester_0 PASSED [ 48%]
tests/admin/test_medium_priority_actions.py::TestActionAssessChangeEligibility::test_low_cgpa PASSED [ 48%]
tests/admin/test_medium_priority_actions.py::TestActionProvideDeadlineInfo::test_action_name PASSED [ 49%]
tests/admin/test_medium_priority_actions.py::TestActionProvideDeadlineInfo::test_run_returns_empty_events PASSED [ 50%]
tests/admin/test_medium_priority_actions.py::TestActionAssessFullClassOptions::test_action_name PASSED [ 50%]
tests/admin/test_medium_priority_actions.py::TestActionAssessFullClassOptions::test_run_returns_empty_events PASSED [ 51%]
tests/admin/test_medium_priority_actions.py::TestActionAssessClashResolution::test_action_name PASSED [ 51%]
tests/admin/test_medium_priority_actions.py::TestActionAssessClashResolution::test_run_returns_empty_events PASSED [ 52%]
tests/admin/test_medium_priority_actions.py::TestActionProvideRepeatGuidance::test_action_name PASSED [ 53%]
tests/admin/test_medium_priority_actions.py::TestActionProvideRepeatGuidance::test_run_returns_empty_events PASSED [ 53%]
tests/integration/test_database_integrity.py::TestDatabaseSchema::test_courses_table_exists PASSED [ 54%]
tests/integration/test_database_integrity.py::TestDatabaseSchema::test_prerequisites_table_exists PASSED [ 54%]
tests/integration/test_database_integrity.py::TestDatabaseSchema::test_courses_table_has_required_columns PASSED [ 55%]
tests/integration/test_database_integrity.py::TestDatabaseSchema::test_prerequisites_table_has_required_columns PASSED [ 56%]
tests/integration/test_database_integrity.py::TestDataIntegrity::test_prerequisites_reference_valid_courses PASSED [ 56%]
tests/integration/test_database_integrity.py::TestDataIntegrity::test_course_codes_unique PASSED [ 57%]
tests/integration/test_database_integrity.py::TestDataIntegrity::test_all_courses_have_names PASSED [ 57%]
tests/integration/test_database_integrity.py::TestSecuritySqlInjection::test_sql_injection_course_code PASSED [ 58%]
tests/integration/test_database_integrity.py::TestSecuritySqlInjection::test_sql_injection_union_attack PASSED [ 59%]
tests/policies/test_grade_appeal_actions.py::TestActionCheckAppealChoice::test_action_name PASSED [ 59%]
tests/policies/test_grade_appeal_actions.py::TestActionCheckAppealChoice::test_run_returns_empty_events PASSED [ 60%]
tests/policies/test_grade_appeal_actions.py::TestActionValidateDays::test_action_name PASSED [ 60%]
tests/policies/test_grade_appeal_actions.py::TestActionValidateDays::test_valid_days PASSED [ 61%]
tests/policies/test_grade_appeal_actions.py::TestActionValidateDays::test_negative_days_invalid PASSED [ 62%]
tests/policies/test_grade_appeal_actions.py::TestActionValidateDays::test_zero_days_valid PASSED [ 62%]
tests/policies/test_grade_appeal_actions.py::TestActionValidateDays::test_none_days_invalid PASSED [ 63%]
tests/policies/test_grade_appeal_actions.py::TestActionResetDays::test_action_name PASSED [ 64%]
tests/policies/test_grade_appeal_actions.py::TestActionResetDays::test_reset_clears_slots PASSED [ 64%]
tests/policies/test_grade_appeal_actions.py::TestActionCheckAppealDeadline::test_action_name PASSED [ 65%]
tests/policies/test_grade_appeal_actions.py::TestActionCheckAppealDeadline::test_within_deadline PASSED [ 65%]
tests/policies/test_grade_appeal_actions.py::TestActionCheckAppealDeadline::test_past_deadline PASSED [ 66%]
tests/policies/test_grade_appeal_actions.py::TestActionCheckAppealDeadline::test_boundary_exactly_14_days PASSED [ 67%]
tests/policies/test_grade_appeal_actions.py::TestActionAssessAppealReadiness::test_action_name PASSED [ 67%]
tests/policies/test_grade_appeal_actions.py::TestActionAssessAppealReadiness::test_should_review_when_not_reviewed PASSED [ 68%]
tests/policies/test_grade_appeal_actions.py::TestActionAssessAppealReadiness::test_no_review_when_already_reviewed PASSED [ 68%]
tests/policies/test_industrial_training_actions.py::TestActionCheckLiAssessmentChoice::test_action_name PASSED [ 69%]
tests/policies/test_industrial_training_actions.py::TestActionCheckLiAssessmentChoice::test_run_returns_empty_events PASSED [ 70%]
tests/policies/test_industrial_training_actions.py::TestActionValidateYear::test_action_name PASSED [ 70%]
tests/policies/test_industrial_training_actions.py::TestActionValidateYear::test_valid_year PASSED [ 71%]
tests/policies/test_industrial_training_actions.py::TestActionValidateYear::test_invalid_year_zero PASSED [ 71%]
tests/policies/test_industrial_training_actions.py::TestActionValidateYear::test_invalid_year_too_high PASSED [ 72%]
tests/policies/test_industrial_training_actions.py::TestActionValidateYear::test_none_year_invalid PASSED [ 73%]
tests/policies/test_industrial_training_actions.py::TestActionResetYear::test_action_name PASSED [ 73%]
tests/policies/test_industrial_training_actions.py::TestActionResetYear::test_reset_clears_slots PASSED [ 74%]
tests/policies/test_industrial_training_actions.py::TestActionAssessLiEligibility::test_action_name PASSED [ 75%]
tests/policies/test_industrial_training_actions.py::TestActionAssessLiEligibility::test_eligible_year_3 PASSED [ 75%]
tests/policies/test_industrial_training_actions.py::TestActionAssessLiEligibility::test_not_eligible_year_2 PASSED [ 76%]
tests/policies/test_industrial_training_actions.py::TestActionAssessLiEligibility::test_eligible_year_4 PASSED [ 76%]
tests/policies/test_probation_actions.py::TestActionCheckAssessmentChoice::test_action_name PASSED [ 77%]
tests/policies/test_probation_actions.py::TestActionCheckAssessmentChoice::test_run_returns_empty_events PASSED [ 78%]
tests/policies/test_probation_actions.py::TestActionValidateCgpa::test_action_name PASSED [ 78%]
tests/policies/test_probation_actions.py::TestActionValidateCgpa::test_valid_cgpa PASSED [ 79%]
tests/policies/test_probation_actions.py::TestActionValidateCgpa::test_valid_cgpa_with_comma PASSED [ 79%]
tests/policies/test_probation_actions.py::TestActionValidateCgpa::test_cgpa_above_max_invalid PASSED [ 80%]
tests/policies/test_probation_actions.py::TestActionValidateCgpa::test_negative_cgpa_invalid PASSED [ 81%]
tests/policies/test_probation_actions.py::TestActionValidateCgpa::test_non_numeric_cgpa_invalid PASSED [ 81%]
tests/policies/test_probation_actions.py::TestActionValidateCgpa::test_none_cgpa_invalid PASSED [ 82%]
tests/policies/test_probation_actions.py::TestActionValidateCgpa::test_boundary_cgpa_4_0 PASSED [ 82%]
tests/policies/test_probation_actions.py::TestActionValidateCgpa::test_boundary_cgpa_0_0 PASSED [ 83%]
tests/policies/test_probation_actions.py::TestActionResetCgpa::test_action_name PASSED [ 84%]
tests/policies/test_probation_actions.py::TestActionResetCgpa::test_reset_clears_slots PASSED [ 84%]
tests/policies/test_probation_actions.py::TestActionAssessProbationStatus::test_action_name PASSED [ 85%]
tests/policies/test_probation_actions.py::TestActionAssessProbationStatus::test_not_on_probation PASSED [ 85%]
tests/policies/test_probation_actions.py::TestActionAssessProbationStatus::test_warning_status PASSED [ 86%]
tests/policies/test_probation_actions.py::TestActionAssessProbationStatus::test_probation_status PASSED [ 87%]
tests/policies/test_probation_actions.py::TestActionAssessProbationStatus::test_critical_status PASSED [ 87%]
tests/policies/test_probation_actions.py::TestActionDetermineProbationLevel::test_action_name PASSED [ 88%]
tests/policies/test_probation_actions.py::TestActionDetermineProbationLevel::test_first_probation_p1 PASSED [ 89%]
tests/policies/test_probation_actions.py::TestActionDetermineProbationLevel::test_after_p1_becomes_p2 PASSED [ 89%]
tests/policies/test_probation_actions.py::TestActionDetermineProbationLevel::test_after_p2_becomes_p3 PASSED [ 90%]
tests/policies/test_probation_actions.py::TestActionResetForAssessment::test_action_name PASSED [ 90%]
tests/policies/test_probation_actions.py::TestActionResetForAssessment::test_resets_all_probation_slots PASSED [ 91%]
tests/system/test_db_utils.py::TestDbPath::test_db_path_exists PASSED    [ 92%]
tests/system/test_db_utils.py::TestDbPath::test_db_path_is_sqlite_file PASSED [ 92%]
tests/system/test_db_utils.py::TestGetDbConnection::test_returns_valid_connection PASSED [ 93%]
tests/system/test_db_utils.py::TestGetDbConnection::test_connection_can_execute_query PASSED [ 93%]
tests/system/test_db_utils.py::TestGetDbConnection::test_connection_can_access_courses_table PASSED [ 94%]
tests/system/test_db_utils.py::TestGetPrerequisitesForCourse::test_course_with_prerequisites PASSED [ 95%]
tests/system/test_db_utils.py::TestGetPrerequisitesForCourse::test_course_without_prerequisites PASSED [ 95%]
tests/system/test_db_utils.py::TestGetPrerequisitesForCourse::test_nonexistent_course PASSED [ 96%]
tests/system/test_db_utils.py::TestGetPrerequisitesForCourse::test_case_insensitive_lookup PASSED [ 96%]
tests/system/test_openai_actions.py::TestActionOpenAIResponse::test_action_name PASSED [ 97%]
tests/system/test_openai_actions.py::TestActionOpenAIResponse::test_empty_user_message PASSED [ 98%]
tests/system/test_openai_actions.py::TestActionOpenAIResponse::test_valid_user_message PASSED [ 98%]
tests/system/test_openai_actions.py::TestActionOpenAIResponse::test_openai_api_error PASSED [ 99%]
tests/system/test_openai_actions.py::TestActionOpenAIResponse::test_context_retrieval_method_exists PASSED [100%]

============================= 164 passed in 1.05s =============================
